Added Component: Designator=+5(2P-200)
Added Component: Designator=+18(2P-200)
Added Component: Designator=-5(2P-200)
Added Component: Designator=-18(2P-200)
Added Component: Designator=C3(CAO3)
Added Component: Designator=C4(CAO3)
Added Component: Designator=C5(CAO3)
Added Component: Designator=C6(CAO3)
Added Component: Designator=C7(CAO3)
Added Component: Designator=C8(CAO3)
Added Component: Designator=C11(CAO3)
Added Component: Designator=C12(CAO3)
Added Component: Designator=C13(CAO3)
Added Component: Designator=C14(CAO3)
Added Component: Designator=C16(CAO3)
Added Component: Designator=D5(DIODE0.4)
Added Component: Designator=D6(DIODE0.4)
Added Component: Designator=D9(DIODE0.4)
Added Component: Designator=D10(DIODE0.4)
Added Component: Designator=U2(TO-220)
Added Component: Designator=U3(TO-220)
Added Component: Designator=U7(TO-220)
Added Component: Designator=U8(TO-220)
Added Pin To Net: NetName=+18 Pin=+18-1
Added Pin To Net: NetName=+18 Pin=+18-2
Added Pin To Net: NetName=+18 Pin=C3-1
Added Pin To Net: NetName=+18 Pin=C4-1
Added Pin To Net: NetName=+18 Pin=D5-2
Added Pin To Net: NetName=+18 Pin=U2-1
Added Net: Name=+18
Added Pin To Net: NetName=-5 Pin=-5-2
Added Net: Name=-5
Added Pin To Net: NetName=-18 Pin=-18-1
Added Pin To Net: NetName=-18 Pin=-18-2
Added Pin To Net: NetName=-18 Pin=C12-2
Added Pin To Net: NetName=-18 Pin=C13-2
Added Pin To Net: NetName=-18 Pin=D9-1
Added Pin To Net: NetName=-18 Pin=U7-2
Added Net: Name=-18
Added Pin To Net: NetName=5 Pin=+5-2
Added Net: Name=5
Added Pin To Net: NetName=GND Pin=C3-2
Added Pin To Net: NetName=GND Pin=C4-2
Added Pin To Net: NetName=GND Pin=C5-2
Added Pin To Net: NetName=GND Pin=C6-2
Added Pin To Net: NetName=GND Pin=C7-2
Added Pin To Net: NetName=GND Pin=C8-2
Added Pin To Net: NetName=GND Pin=C11-1
Added Pin To Net: NetName=GND Pin=C12-1
Added Pin To Net: NetName=GND Pin=C13-1
Added Pin To Net: NetName=GND Pin=C14-1
Added Pin To Net: NetName=GND Pin=C16-1
Added Pin To Net: NetName=GND Pin=U2-2
Added Pin To Net: NetName=GND Pin=U3-2
Added Pin To Net: NetName=GND Pin=U7-1
Added Pin To Net: NetName=GND Pin=U8-1
Added Net: Name=GND
Added Pin To Net: NetName=Net+5_1 Pin=+5-1
Added Pin To Net: NetName=Net+5_1 Pin=C7-1
Added Pin To Net: NetName=Net+5_1 Pin=C8-1
Added Pin To Net: NetName=Net+5_1 Pin=D6-1
Added Pin To Net: NetName=Net+5_1 Pin=U3-3
Added Net: Name=Net+5_1
Added Pin To Net: NetName=Net-5_1 Pin=-5-1
Added Pin To Net: NetName=Net-5_1 Pin=C11-2
Added Pin To Net: NetName=Net-5_1 Pin=C16-2
Added Pin To Net: NetName=Net-5_1 Pin=D10-2
Added Pin To Net: NetName=Net-5_1 Pin=U8-3
Added Net: Name=Net-5_1
Added Pin To Net: NetName=NetC5_1 Pin=C5-1
Added Pin To Net: NetName=NetC5_1 Pin=C6-1
Added Pin To Net: NetName=NetC5_1 Pin=D5-1
Added Pin To Net: NetName=NetC5_1 Pin=D6-2
Added Pin To Net: NetName=NetC5_1 Pin=U2-3
Added Pin To Net: NetName=NetC5_1 Pin=U3-1
Added Net: Name=NetC5_1
Added Pin To Net: NetName=NetC14_2 Pin=C14-2
Added Pin To Net: NetName=NetC14_2 Pin=D9-2
Added Pin To Net: NetName=NetC14_2 Pin=D10-1
Added Pin To Net: NetName=NetC14_2 Pin=U7-3
Added Pin To Net: NetName=NetC14_2 Pin=U8-2
Added Net: Name=NetC14_2
Added Class: Name=单片机供电
Added Room: Name=单片机供电
