Removed Pin From Net: NetName=NetC2_1 Pin=R8-1
Removed Pin From Net: NetName=NetC3_2 Pin=R9-2
Removed Pin From Net: NetName=GND Pin=R12-1
Removed Pin From Net: NetName=NetC4_2 Pin=R12-2
Removed Pin From Net: NetName=NetC6_1 Pin=R13-1
Removed Pin From Net: NetName=GND Pin=R14-1
Removed Pin From Net: NetName=NetC5_2 Pin=R14-2
Removed Pin From Net: NetName=-18 Pin=R16-1
Removed Pin From Net: NetName=-18 Pin=R19-1
Removed Pin From Net: NetName=NetC7_2 Pin=R19-2
Removed Member From Class: ClassName=Sheet1 Member=R19
Change Component Footprint: Designator=R8 Old Footprint=0603 New Footprint=AXIAL0.3
Change Component Footprint: Designator=R13 Old Footprint=0603 New Footprint=AXIAL0.3
Change Component Comment : Designator=R13 Old Comment=1k New Comment=10
Change Component Comment : Designator=R8 Old Comment=8k New Comment=10k
Change Component Comment : Designator=R18 Old Comment=150 New Comment=220
Change Component Designator: OldDesignator=R7 NewDesignator=R6
Change Component Designator: OldDesignator=R10 NewDesignator=R9
Change Component Designator: OldDesignator=R11 NewDesignator=R10
Change Component Designator: OldDesignator=R15 NewDesignator=R14
Change Component Designator: OldDesignator=R17 NewDesignator=R16
Added Component: Designator=R7(AXIAL0.3)
Added Component: Designator=R11(AXIAL0.3)
Added Component: Designator=R15(AXIAL0.3)
Added Component: Designator=R17(AXIAL0.3)
Added Pin To Net: NetName=NetC2_1 Pin=R7-2
Added Pin To Net: NetName=NetC3_2 Pin=R8-2
Added Pin To Net: NetName=GND Pin=R11-1
Added Pin To Net: NetName=NetC4_2 Pin=R11-2
Added Pin To Net: NetName=NetC6_1 Pin=R12-1
Added Pin To Net: NetName=GND Pin=R13-1
Added Pin To Net: NetName=NetC5_2 Pin=R13-2
Added Pin To Net: NetName=-18 Pin=R15-1
Added Pin To Net: NetName=-18 Pin=R17-1
Added Pin To Net: NetName=NetC7_2 Pin=R18-2
Change Net Name : Old Net Name=NetR7_2 New Net Name=NetR6_2
Change Net Name : Old Net Name=NetR17_2 New Net Name=NetR16_2
Added Pin To Net: NetName=NetR7_1 Pin=R7-1
Added Pin To Net: NetName=NetR7_1 Pin=R10-3
Added Pin To Net: NetName=NetR7_1 Pin=T6-2
Added Net: Name=NetR7_1
Added Pin To Net: NetName=NetR8_1 Pin=R8-1
Added Pin To Net: NetName=NetR8_1 Pin=R14-2
Added Pin To Net: NetName=NetR8_1 Pin=RS1-6
Added Net: Name=NetR8_1
Added Pin To Net: NetName=NetR10_1 Pin=R10-1
Added Pin To Net: NetName=NetR10_1 Pin=R10-2
Added Pin To Net: NetName=NetR10_1 Pin=R12-2
Added Net: Name=NetR10_1
Added Pin To Net: NetName=NetR15_2 Pin=R15-2
Added Pin To Net: NetName=NetR15_2 Pin=T8-1
Added Net: Name=NetR15_2
Added Pin To Net: NetName=NetR17_2 Pin=R17-2
Added Pin To Net: NetName=NetR17_2 Pin=T9-1
Added Net: Name=NetR17_2
Added Room: Name=Sheet1
