Removed Pin From Net: NetName=12 Pin=R6-1
Removed Pin From Net: NetName=NetC3_2 Pin=R8-2
Removed Pin From Net: NetName=NetC4_1 Pin=R9-1
Removed Pin From Net: NetName=12 Pin=R9-2
Removed Pin From Net: NetName=NetC6_1 Pin=R12-1
Removed Pin From Net: NetName=GND Pin=R13-1
Removed Pin From Net: NetName=NetC5_2 Pin=R13-2
Removed Pin From Net: NetName=-18 Pin=R15-1
Removed Pin From Net: NetName=-18 Pin=R18-1
Removed Pin From Net: NetName=NetC7_2 Pin=R18-2
Removed Pin From Net: NetName=NetR6_2 Pin=T3-3
Change Component Footprint: Designator=R14 Old Footprint=0603 New Footprint=AXIAL0.3
Change Component Footprint: Designator=R9 Old Footprint=AXIAL0.6 New Footprint=AXIAL0.3
Change Component Footprint: Designator=R6 Old Footprint=AXIAL1.0 New Footprint=AXIAL0.3
Change Component Comment : Designator=R13 Old Comment=10 New Comment=1k
Change Component Comment : Designator=R14 Old Comment=47k New Comment=10
Change Component Comment : Designator=R9 Old Comment=56k New Comment=10k
Change Component Comment : Designator=R6 Old Comment=220 New Comment=1k
Change Component Comment : Designator=R15 Old Comment=620 New Comment=47k
Change Component Designator: OldDesignator=R7 NewDesignator=R8
Change Component Designator: OldDesignator=R10 NewDesignator=R11
Change Component Designator: OldDesignator=R11 NewDesignator=R12
Change Component Designator: OldDesignator=R16 NewDesignator=R17
Change Component Designator: OldDesignator=R17 NewDesignator=R18
Added Component: Designator=R7(AXIAL1.0)
Added Component: Designator=R10(AXIAL0.6)
Added Component: Designator=R16(AXIAL0.3)
Added Component: Designator=R19(AXIAL0.3)
Added Pin To Net: NetName=12 Pin=R7-1
Added Pin To Net: NetName=NetC3_2 Pin=R9-2
Added Pin To Net: NetName=NetC4_1 Pin=R10-1
Added Pin To Net: NetName=12 Pin=R10-2
Added Pin To Net: NetName=NetC6_1 Pin=R13-1
Added Pin To Net: NetName=NetC5_2 Pin=R14-2
Added Pin To Net: NetName=GND Pin=R15-1
Added Pin To Net: NetName=-18 Pin=R16-1
Added Pin To Net: NetName=-18 Pin=R19-1
Added Pin To Net: NetName=NetC7_2 Pin=R19-2
Added Pin To Net: NetName=NetR6_2 Pin=RS1-2
Change Net Name : Old Net Name=NetR7_1 New Net Name=NetR8_1
Change Net Name : Old Net Name=NetR16_2 New Net Name=NetR17_2
Change Net Name : Old Net Name=NetR17_2 New Net Name=NetR18_2
Added Pin To Net: NetName=NetC3_1 Pin=C3-1
Added Pin To Net: NetName=NetC3_1 Pin=R6-1
Added Net: Name=NetC3_1
Added Pin To Net: NetName=NetR7_2 Pin=R7-2
Added Pin To Net: NetName=NetR7_2 Pin=T3-3
Added Net: Name=NetR7_2
Added Pin To Net: NetName=NetR9_1 Pin=R9-1
Added Pin To Net: NetName=NetR9_1 Pin=R15-2
Added Pin To Net: NetName=NetR9_1 Pin=RS1-6
Added Net: Name=NetR9_1
Added Pin To Net: NetName=NetR11_1 Pin=R11-1
Added Pin To Net: NetName=NetR11_1 Pin=R11-2
Added Pin To Net: NetName=NetR11_1 Pin=R13-2
Added Net: Name=NetR11_1
Added Pin To Net: NetName=NetR16_2 Pin=R16-2
Added Pin To Net: NetName=NetR16_2 Pin=T8-1
Added Net: Name=NetR16_2
Added Member To Class: ClassName=Sheet1 Member=Component R7 220
Added Member To Class: ClassName=Sheet1 Member=Component R11 RPOT-1
Added Member To Class: ClassName=Sheet1 Member=Component R15 47k
Added Member To Class: ClassName=Sheet1 Member=Component R17 220
Added Member To Class: ClassName=Sheet1 Member=Component R19 220
Added Room: Name=Sheet1
