Added Component: Designator=C1(C18)
Added Component: Designator=C2(CAP2)
Added Component: Designator=C3(CAO2)
Added Component: Designator=C4(CAO2)
Added Component: Designator=C5(CAP2)
Added Component: Designator=C6(CAP2)
Added Component: Designator=C7(CAP2)
Added Component: Designator=C8(C18)
Added Component: Designator=D1(DIODE0.2)
Added Component: Designator=D2(DIODE0.2)
Added Component: Designator=J1(SOUND1)
Added Component: Designator=J2(sip-5)
Added Component: Designator=J3(sip-5)
Added Component: Designator=J4(sip-4)
Added Component: Designator=R1(AXIAL0.3)
Added Component: Designator=R2(AXIAL0.3)
Added Component: Designator=R3(AXIAL0.3)
Added Component: Designator=R4(AXIAL0.3)
Added Component: Designator=R5(RVR-4)
Added Component: Designator=R6(AXIAL0.3)
Added Component: Designator=R7(AXIAL0.3)
Added Component: Designator=R8(AXIAL1.0)
Added Component: Designator=R9(AXIAL0.3)
Added Component: Designator=R10(RVR-4)
Added Component: Designator=R11(AXIAL0.3)
Added Component: Designator=R12(AXIAL0.6)
Added Component: Designator=R13(RVR-4)
Added Component: Designator=R14(AXIAL0.3)
Added Component: Designator=R15(AXIAL0.3)
Added Component: Designator=R16(AXIAL0.3)
Added Component: Designator=R17(AXIAL0.3)
Added Component: Designator=R18(AXIAL0.3)
Added Component: Designator=R19(AXIAL1.0)
Added Component: Designator=R20(AXIAL0.3)
Added Component: Designator=R21(AXIAL0.3)
Added Component: Designator=T1(TO-92)
Added Component: Designator=T2(TO-92)
Added Component: Designator=T3(TO-220)
Added Component: Designator=T4(TO-92)
Added Component: Designator=T5(TO-92)
Added Component: Designator=T6(TO-92)
Added Component: Designator=T7(TO-92)
Added Component: Designator=T8(TO-92)
Added Component: Designator=T9(TO-92)
Added Component: Designator=T10(TO-220)
Added Pin To Net: NetName=+18 Pin=C1-1
Added Pin To Net: NetName=GND Pin=C1-2
Added Pin To Net: NetName=NetC2_1 Pin=C2-1
Added Pin To Net: NetName=NetC2_2 Pin=C2-2
Added Pin To Net: NetName=NetC3_1 Pin=C3-1
Added Pin To Net: NetName=NetC3_2 Pin=C3-2
Added Pin To Net: NetName=NetC4_1 Pin=C4-1
Added Pin To Net: NetName=NetC4_2 Pin=C4-2
Added Pin To Net: NetName=12 Pin=C5-1
Added Pin To Net: NetName=NetC5_2 Pin=C5-2
Added Pin To Net: NetName=NetC6_1 Pin=C6-1
Added Pin To Net: NetName=NetC6_2 Pin=C6-2
Added Pin To Net: NetName=NetC6_1 Pin=C7-1
Added Pin To Net: NetName=NetC7_2 Pin=C7-2
Added Pin To Net: NetName=GND Pin=C8-1
Added Pin To Net: NetName=-18 Pin=C8-2
Added Pin To Net: NetName=NetC6_2 Pin=D1-1
Added Pin To Net: NetName=NetD1_2 Pin=D1-2
Added Pin To Net: NetName=NetD1_2 Pin=D2-1
Added Pin To Net: NetName=-18 Pin=D2-2
Added Pin To Net: NetName=NetJ1_1 Pin=J1-1
Added Pin To Net: NetName=NetJ1_1 Pin=J1-2
Added Pin To Net: NetName=NetJ1_1 Pin=J1-3
Added Pin To Net: NetName=NetJ1_1 Pin=J1-4
Added Pin To Net: NetName=GND Pin=J1-5
Added Pin To Net: NetName=+18 Pin=J2-1
Added Pin To Net: NetName=+18 Pin=J2-2
Added Pin To Net: NetName=+18 Pin=J2-3
Added Pin To Net: NetName=+18 Pin=J2-4
Added Pin To Net: NetName=+18 Pin=J2-5
Added Pin To Net: NetName=GND Pin=J3-1
Added Pin To Net: NetName=GND Pin=J3-2
Added Pin To Net: NetName=GND Pin=J3-3
Added Pin To Net: NetName=GND Pin=J3-4
Added Pin To Net: NetName=GND Pin=J3-5
Added Pin To Net: NetName=GND Pin=J4-1
Added Pin To Net: NetName=GND Pin=J4-2
Added Pin To Net: NetName=12 Pin=J4-3
Added Pin To Net: NetName=12 Pin=J4-4
Added Pin To Net: NetName=NetC2_2 Pin=R1-1
Added Pin To Net: NetName=+18 Pin=R1-2
Added Pin To Net: NetName=NetR2_1 Pin=R2-1
Added Pin To Net: NetName=+18 Pin=R2-2
Added Pin To Net: NetName=NetC6_2 Pin=R3-1
Added Pin To Net: NetName=+18 Pin=R3-2
Added Pin To Net: NetName=NetR4_1 Pin=R4-1
Added Pin To Net: NetName=+18 Pin=R4-2
Added Pin To Net: NetName=NetJ1_1 Pin=R5-1
Added Pin To Net: NetName=NetR5_2 Pin=R5-2
Added Pin To Net: NetName=GND Pin=R5-3
Added Pin To Net: NetName=12 Pin=R6-1
Added Pin To Net: NetName=NetR6_2 Pin=R6-2
Added Pin To Net: NetName=NetC3_1 Pin=R7-1
Added Pin To Net: NetName=NetR5_2 Pin=R7-2
Added Pin To Net: NetName=12 Pin=R8-1
Added Pin To Net: NetName=NetR8_2 Pin=R8-2
Added Pin To Net: NetName=NetR9_1 Pin=R9-1
Added Pin To Net: NetName=NetC2_1 Pin=R9-2
Added Pin To Net: NetName=NetC3_2 Pin=R10-1
Added Pin To Net: NetName=NetC3_2 Pin=R10-2
Added Pin To Net: NetName=NetR10_3 Pin=R10-3
Added Pin To Net: NetName=NetR10_3 Pin=R11-1
Added Pin To Net: NetName=NetC3_2 Pin=R11-2
Added Pin To Net: NetName=NetC4_1 Pin=R12-1
Added Pin To Net: NetName=12 Pin=R12-2
Added Pin To Net: NetName=NetR13_1 Pin=R13-1
Added Pin To Net: NetName=NetR13_1 Pin=R13-2
Added Pin To Net: NetName=NetR9_1 Pin=R13-3
Added Pin To Net: NetName=GND Pin=R14-1
Added Pin To Net: NetName=NetC4_2 Pin=R14-2
Added Pin To Net: NetName=NetC6_1 Pin=R15-1
Added Pin To Net: NetName=NetR13_1 Pin=R15-2
Added Pin To Net: NetName=GND Pin=R16-1
Added Pin To Net: NetName=NetC5_2 Pin=R16-2
Added Pin To Net: NetName=GND Pin=R17-1
Added Pin To Net: NetName=NetR10_3 Pin=R17-2
Added Pin To Net: NetName=-18 Pin=R18-1
Added Pin To Net: NetName=NetR18_2 Pin=R18-2
Added Pin To Net: NetName=-18 Pin=R19-1
Added Pin To Net: NetName=NetR19_2 Pin=R19-2
Added Pin To Net: NetName=-18 Pin=R20-1
Added Pin To Net: NetName=NetR20_2 Pin=R20-2
Added Pin To Net: NetName=-18 Pin=R21-1
Added Pin To Net: NetName=NetC7_2 Pin=R21-2
Added Pin To Net: NetName=NetR6_2 Pin=T1-1
Added Pin To Net: NetName=NetC2_1 Pin=T1-2
Added Pin To Net: NetName=+18 Pin=T1-3
Added Pin To Net: NetName=NetR4_1 Pin=T2-1
Added Pin To Net: NetName=NetC2_2 Pin=T2-2
Added Pin To Net: NetName=NetC2_1 Pin=T2-3
Added Pin To Net: NetName=NetR6_2 Pin=T3-1
Added Pin To Net: NetName=+18 Pin=T3-2
Added Pin To Net: NetName=NetR8_2 Pin=T3-3
Added Pin To Net: NetName=NetT4_1 Pin=T4-1
Added Pin To Net: NetName=NetC3_2 Pin=T4-2
Added Pin To Net: NetName=NetC2_2 Pin=T4-3
Added Pin To Net: NetName=NetT4_1 Pin=T5-1
Added Pin To Net: NetName=NetC4_1 Pin=T5-2
Added Pin To Net: NetName=NetR2_1 Pin=T5-3
Added Pin To Net: NetName=NetC6_1 Pin=T6-1
Added Pin To Net: NetName=NetR9_1 Pin=T6-2
Added Pin To Net: NetName=NetC2_1 Pin=T6-3
Added Pin To Net: NetName=12 Pin=T7-1
Added Pin To Net: NetName=NetC6_1 Pin=T7-2
Added Pin To Net: NetName=NetC7_2 Pin=T7-3
Added Pin To Net: NetName=NetR18_2 Pin=T8-1
Added Pin To Net: NetName=NetC6_2 Pin=T8-2
Added Pin To Net: NetName=NetT4_1 Pin=T8-3
Added Pin To Net: NetName=NetR20_2 Pin=T9-1
Added Pin To Net: NetName=NetC6_2 Pin=T9-2
Added Pin To Net: NetName=NetC6_1 Pin=T9-3
Added Pin To Net: NetName=NetC7_2 Pin=T10-1
Added Pin To Net: NetName=12 Pin=T10-2
Added Pin To Net: NetName=NetR19_2 Pin=T10-3
Added Member To Class: ClassName=Sheet1 Member=Component C1 3300
Added Member To Class: ClassName=Sheet1 Member=Component C2 121
Added Member To Class: ClassName=Sheet1 Member=Component C3 10uf
Added Member To Class: ClassName=Sheet1 Member=Component C4 CAP3
Added Member To Class: ClassName=Sheet1 Member=Component C5 121
Added Member To Class: ClassName=Sheet1 Member=Component C6 121
Added Member To Class: ClassName=Sheet1 Member=Component C7 121
Added Member To Class: ClassName=Sheet1 Member=Component C8 3300
Added Member To Class: ClassName=Sheet1 Member=Component D1 DIODE
Added Member To Class: ClassName=Sheet1 Member=Component D2 DIODE
Added Member To Class: ClassName=Sheet1 Member=Component J1 IN
Added Member To Class: ClassName=Sheet1 Member=Component J2 CON5
Added Member To Class: ClassName=Sheet1 Member=Component J3 CON5
Added Member To Class: ClassName=Sheet1 Member=Component J4 CON4
Added Member To Class: ClassName=Sheet1 Member=Component R1 2.2k
Added Member To Class: ClassName=Sheet1 Member=Component R2 0
Added Member To Class: ClassName=Sheet1 Member=Component R3 10k
Added Member To Class: ClassName=Sheet1 Member=Component R4 150
Added Member To Class: ClassName=Sheet1 Member=Component R5 50k
Added Member To Class: ClassName=Sheet1 Member=Component R6 220
Added Member To Class: ClassName=Sheet1 Member=Component R7 1k
Added Member To Class: ClassName=Sheet1 Member=Component R8 220
Added Member To Class: ClassName=Sheet1 Member=Component R9 8k
Added Member To Class: ClassName=Sheet1 Member=Component R10 50k
Added Member To Class: ClassName=Sheet1 Member=Component R11 10k
Added Member To Class: ClassName=Sheet1 Member=Component R12 56k
Added Member To Class: ClassName=Sheet1 Member=Component R13 50k
Added Member To Class: ClassName=Sheet1 Member=Component R14 1k
Added Member To Class: ClassName=Sheet1 Member=Component R15 1k
Added Member To Class: ClassName=Sheet1 Member=Component R16 10
Added Member To Class: ClassName=Sheet1 Member=Component R17 47k
Added Member To Class: ClassName=Sheet1 Member=Component R18 620
Added Member To Class: ClassName=Sheet1 Member=Component R19 220
Added Member To Class: ClassName=Sheet1 Member=Component R20 150
Added Member To Class: ClassName=Sheet1 Member=Component R21 220
Added Member To Class: ClassName=Sheet1 Member=Component T1 2N5551
Added Member To Class: ClassName=Sheet1 Member=Component T2 2N5401
Added Member To Class: ClassName=Sheet1 Member=Component T3 TIP41
Added Member To Class: ClassName=Sheet1 Member=Component T4 2N5551
Added Member To Class: ClassName=Sheet1 Member=Component T5 2N5551
Added Member To Class: ClassName=Sheet1 Member=Component T6 2N5551
Added Member To Class: ClassName=Sheet1 Member=Component T7 2N5401
Added Member To Class: ClassName=Sheet1 Member=Component T8 2N5551
Added Member To Class: ClassName=Sheet1 Member=Component T9 2N5551
Added Member To Class: ClassName=Sheet1 Member=Component T10 TIP41
Added Room: Name=Sheet1
