Removed Pin From Net: NetName=12 Pin=R5-1
Removed Pin From Net: NetName=NetC3_1 Pin=R6-1
Removed Pin From Net: NetName=12 Pin=R7-1
Removed Pin From Net: NetName=NetR9_1 Pin=R9-1
Removed Pin From Net: NetName=NetC3_2 Pin=R9-2
Removed Pin From Net: NetName=NetC4_1 Pin=R10-1
Removed Pin From Net: NetName=12 Pin=R10-2
Removed Pin From Net: NetName=NetC6_1 Pin=R13-1
Removed Pin From Net: NetName=GND Pin=R14-1
Removed Pin From Net: NetName=NetC5_2 Pin=R14-2
Removed Pin From Net: NetName=GND Pin=R15-1
Removed Pin From Net: NetName=NetR9_1 Pin=R15-2
Removed Pin From Net: NetName=-18 Pin=R16-1
Removed Pin From Net: NetName=-18 Pin=R17-1
Removed Pin From Net: NetName=NetJ1_1 Pin=RS1-1
Removed Pin From Net: NetName=NetR6_2 Pin=RS1-2
Removed Pin From Net: NetName=GND Pin=RS1-3
Removed Pin From Net: NetName=NetR5_2 Pin=T1-1
Removed Pin From Net: NetName=NetR5_2 Pin=T3-1
Removed Member From Class: ClassName=Sheet1 Member=RS1
Change Component DesignItemId : Designator=R5 Old DesignItemId=RES New DesignItemId=RPOT-1
Change Component DesignItemId : Designator=R10 Old DesignItemId=RES New DesignItemId=RPOT-1
Change Component DesignItemId : Designator=R11 Old DesignItemId=RPOT-1 New DesignItemId=RES
Change Component Footprint: Designator=R9 Old Footprint=AXIAL0.3 New Footprint=AXIAL0.6
Change Component Footprint: Designator=R5 Old Footprint=AXIAL0.3 New Footprint=RVR-4
Change Component Footprint: Designator=R10 Old Footprint=AXIAL0.6 New Footprint=RVR-4
Change Component Footprint: Designator=R7 Old Footprint=AXIAL1.0 New Footprint=AXIAL0.3
Change Component Footprint: Designator=R17 Old Footprint=AXIAL1.0 New Footprint=AXIAL0.3
Change Component Footprint: Designator=R11 Old Footprint=RVR-4 New Footprint=AXIAL0.3
Change Component Comment : Designator=R6 Old Comment=1k New Comment=220
Change Component Comment : Designator=R9 Old Comment=10k New Comment=56k
Change Component Comment : Designator=R15 Old Comment=47k New Comment=1k
Change Component Comment : Designator=R10 Old Comment=56k New Comment=50k
Change Component Comment : Designator=R7 Old Comment=220 New Comment=1k
Change Component Comment : Designator=R17 Old Comment=220 New Comment=47k
Change Component Comment : Designator=R5 Old Comment=220 New Comment=50k
Change Component Comment : Designator=R16 Old Comment=620 New Comment=10
Change Component Comment : Designator=R11 Old Comment=RPOT-1 New Comment=10k
Change Component Designator: OldDesignator=R8 NewDesignator=R9
Change Component Designator: OldDesignator=R9 NewDesignator=R12
Change Component Designator: OldDesignator=R12 NewDesignator=R14
Change Component Designator: OldDesignator=R18 NewDesignator=R20
Change Component Designator: OldDesignator=R19 NewDesignator=R21
Added Component: Designator=R8(AXIAL1.0)
Added Component: Designator=R13(RVR-4)
Added Component: Designator=R18(AXIAL0.3)
Added Component: Designator=R19(AXIAL1.0)
Added Pin To Net: NetName=NetJ1_1 Pin=R5-1
Added Pin To Net: NetName=GND Pin=R5-3
Added Pin To Net: NetName=12 Pin=R6-1
Added Pin To Net: NetName=NetC3_1 Pin=R7-1
Added Pin To Net: NetName=NetR5_2 Pin=R7-2
Added Pin To Net: NetName=12 Pin=R8-1
Added Pin To Net: NetName=NetR9_1 Pin=R9-1
Added Pin To Net: NetName=NetC3_2 Pin=R10-1
Added Pin To Net: NetName=NetC3_2 Pin=R10-2
Added Pin To Net: NetName=NetC3_2 Pin=R11-2
Added Pin To Net: NetName=NetC4_1 Pin=R12-1
Added Pin To Net: NetName=12 Pin=R12-2
Added Pin To Net: NetName=NetR9_1 Pin=R13-3
Added Pin To Net: NetName=NetC6_1 Pin=R15-1
Added Pin To Net: NetName=GND Pin=R16-1
Added Pin To Net: NetName=NetC5_2 Pin=R16-2
Added Pin To Net: NetName=GND Pin=R17-1
Added Pin To Net: NetName=-18 Pin=R18-1
Added Pin To Net: NetName=-18 Pin=R19-1
Added Pin To Net: NetName=NetR6_2 Pin=T1-1
Added Pin To Net: NetName=NetR6_2 Pin=T3-1
Added Pin To Net: NetName=NetR9_1 Pin=T6-2
Change Net Name : Old Net Name=NetR18_2 New Net Name=NetR20_2
Added Pin To Net: NetName=NetR8_2 Pin=R8-2
Added Pin To Net: NetName=NetR8_2 Pin=T3-3
Added Net: Name=NetR8_2
Added Pin To Net: NetName=NetR10_3 Pin=R10-3
Added Pin To Net: NetName=NetR10_3 Pin=R11-1
Added Pin To Net: NetName=NetR10_3 Pin=R17-2
Added Net: Name=NetR10_3
Added Pin To Net: NetName=NetR13_1 Pin=R13-1
Added Pin To Net: NetName=NetR13_1 Pin=R13-2
Added Pin To Net: NetName=NetR13_1 Pin=R15-2
Added Net: Name=NetR13_1
Added Pin To Net: NetName=NetR18_2 Pin=R18-2
Added Pin To Net: NetName=NetR18_2 Pin=T8-1
Added Net: Name=NetR18_2
Added Pin To Net: NetName=NetR19_2 Pin=R19-2
Added Pin To Net: NetName=NetR19_2 Pin=T10-3
Added Net: Name=NetR19_2
Added Member To Class: ClassName=Sheet1 Member=Component R7 1k
Added Member To Class: ClassName=Sheet1 Member=Component R10 50k
Added Member To Class: ClassName=Sheet1 Member=Component R16 10
Added Member To Class: ClassName=Sheet1 Member=Component R20 150
Added Member To Class: ClassName=Sheet1 Member=Component R21 220
