Removed Pin From Net: NetName=GND Pin=JC-1
Removed Pin From Net: NetName=NetC3_1 Pin=U2-1
Removed Pin From Net: NetName=NetC15_2 Pin=U2-2
Removed Pin From Net: NetName=NetR1_2 Pin=U2-3
Removed Pin From Net: NetName=NetC2_2 Pin=U2-4
Removed Pin From Net: NetName=NetC4_2 Pin=U2-5
Removed Pin From Net: NetName=NetC7_1 Pin=U2-6
Removed Pin From Net: NetName=NetC7_2 Pin=U2-7
Removed Pin From Net: NetName=+20V Pin=U2-8
Removed Member From Class: ClassName=Sheet2 Member=U2
Change Component Designator: OldDesignator=JC NewDesignator=JC1
Change Component Designator: OldDesignator=POHENJACK STEREO SW1 NewDesignator=SW OUT
Change Component Designator: OldDesignator=POHENJACK STEREO SW4 NewDesignator=SW IN
Added Component: Designator=JC2(CON_2PIN)
Added Component: Designator=U1(NE5532)
Added Pin To Net: NetName=+20V Pin=JC1-1
Added Pin To Net: NetName=GND Pin=JC2-2
Added Pin To Net: NetName=NetC3_1 Pin=U1-1
Added Pin To Net: NetName=NetC15_2 Pin=U1-2
Added Pin To Net: NetName=NetR1_2 Pin=U1-3
Added Pin To Net: NetName=NetC2_2 Pin=U1-4
Added Pin To Net: NetName=NetC4_2 Pin=U1-5
Added Pin To Net: NetName=NetC7_1 Pin=U1-6
Added Pin To Net: NetName=NetC7_2 Pin=U1-7
Added Pin To Net: NetName=+20V Pin=U1-8
Change Class Name : Old Net Name=Sheet2 New Net Name=PowerAmplifier_Front
Added Member To Class: ClassName=PowerAmplifier_Front Member=Component JC1 GND
Added Member To Class: ClassName=PowerAmplifier_Front Member=Component JC2 GND
Added Member To Class: ClassName=PowerAmplifier_Front Member=Component U1 NE5532
Added Room: Name=PowerAmplifier_Front
