Removed Pin From Net: NetName=GND Pin=JC-1
Removed Pin From Net: NetName=GND Pin=JC-2
Removed Pin From Net: NetName=NetC3_1 Pin=U2-1
Removed Pin From Net: NetName=NetC15_2 Pin=U2-2
Removed Pin From Net: NetName=NetR1_2 Pin=U2-3
Removed Pin From Net: NetName=NetC2_2 Pin=U2-4
Removed Pin From Net: NetName=NetC4_2 Pin=U2-5
Removed Pin From Net: NetName=NetC7_1 Pin=U2-6
Removed Pin From Net: NetName=NetC7_2 Pin=U2-7
Removed Pin From Net: NetName=+20V Pin=U2-8
Removed Member From Class: ClassName=Sheet2 Member=JC
Change Component Designator: OldDesignator=POHENJACK STEREO SW1 NewDesignator=SW OUT
Change Component Designator: OldDesignator=POHENJACK STEREO SW4 NewDesignator=SW IN
Added Pin To Net: NetName=NetC7_2 Pin=U2-1
Added Pin To Net: NetName=NetC7_1 Pin=U2-2
Added Pin To Net: NetName=NetC4_2 Pin=U2-3
Added Pin To Net: NetName=NetR1_2 Pin=U2-5
Added Pin To Net: NetName=NetC15_2 Pin=U2-6
Added Pin To Net: NetName=NetC3_1 Pin=U2-7
Change Class Name : Old Net Name=Sheet2 New Net Name=PowerAmplifier_Front
Added Room: Name=PowerAmplifier_Front
