Added Component: Designator=C1(CAO2)
Added Component: Designator=C2(CAP2)
Added Component: Designator=C3(CAO2)
Added Component: Designator=C4(CAO2)
Added Component: Designator=C5(CAP2)
Added Component: Designator=C6(CAP2)
Added Component: Designator=C7(CAP2)
Added Component: Designator=C8(CAP2)
Added Component: Designator=C9(CAP2)
Added Component: Designator=C10(CAO2)
Added Component: Designator=C11(CAP2)
Added Component: Designator=C12(CAP2)
Added Component: Designator=C13(CAP2)
Added Component: Designator=C14(CAP4)
Added Component: Designator=C15(CAP2)
Added Component: Designator=C16(CAP2)
Added Component: Designator=C17(CAP2)
Added Component: Designator=GND1(SIP-1)
Added Component: Designator=IN1(莲花母座)
Added Component: Designator=IN TEST1(SIP-1)
Added Component: Designator=JGND(SIP-1)
Added Component: Designator=OUt1(莲花母座)
Added Component: Designator=out test1(SIP-1)
Added Component: Designator=P1(接线端子)
Added Component: Designator=P2(接线端子)
Added Component: Designator=R1(AXIAL0.4)
Added Component: Designator=R2(AXIAL0.4)
Added Component: Designator=R3(AXIAL0.4)
Added Component: Designator=R4(AXIAL0.4)
Added Component: Designator=R5(AXIAL0.4)
Added Component: Designator=R6(AXIAL0.4)
Added Component: Designator=R8(AXIAL0.4)
Added Component: Designator=R9(RVR-A)
Added Component: Designator=R10(AXIAL0.4)
Added Component: Designator=R11(RVR-A)
Added Component: Designator=R12(RVR-A)
Added Component: Designator=R13(AXIAL0.4)
Added Component: Designator=R14(AXIAL0.4)
Added Component: Designator=R15(AXIAL0.4)
Added Component: Designator=R16(AXIAL0.4)
Added Component: Designator=R17(AXIAL0.4)
Added Component: Designator=R18(AXIAL0.4)
Added Component: Designator=R19(AXIAL0.4)
Added Component: Designator=U1(DIP-8)
Added Pin To Net: NetName=+20V Pin=P1-1
Added Pin To Net: NetName=+20V Pin=R1-2
Added Net: Name=+20V
Added Pin To Net: NetName=-20V Pin=P2-1
Added Pin To Net: NetName=-20V Pin=R18-1
Added Net: Name=-20V
Added Pin To Net: NetName=GND Pin=C1-2
Added Pin To Net: NetName=GND Pin=C2-1
Added Pin To Net: NetName=GND Pin=C10-2
Added Pin To Net: NetName=GND Pin=C11-1
Added Pin To Net: NetName=GND Pin=C14-2
Added Pin To Net: NetName=GND Pin=GND1-1
Added Pin To Net: NetName=GND Pin=IN1-2
Added Pin To Net: NetName=GND Pin=JGND-1
Added Pin To Net: NetName=GND Pin=OUt1-2
Added Pin To Net: NetName=GND Pin=P1-2
Added Pin To Net: NetName=GND Pin=P2-2
Added Pin To Net: NetName=GND Pin=R2-2
Added Pin To Net: NetName=GND Pin=R3-2
Added Pin To Net: NetName=GND Pin=R5-1
Added Pin To Net: NetName=GND Pin=R16-1
Added Pin To Net: NetName=GND Pin=R17-1
Added Pin To Net: NetName=GND Pin=R19-1
Added Net: Name=GND
Added Pin To Net: NetName=NetC1_1 Pin=C1-1
Added Pin To Net: NetName=NetC1_1 Pin=C2-2
Added Pin To Net: NetName=NetC1_1 Pin=R1-1
Added Net: Name=NetC1_1
Added Pin To Net: NetName=NetC3_1 Pin=C3-1
Added Pin To Net: NetName=NetC3_1 Pin=IN1-1
Added Pin To Net: NetName=NetC3_1 Pin=IN TEST1-1
Added Net: Name=NetC3_1
Added Pin To Net: NetName=NetC3_2 Pin=C3-2
Added Pin To Net: NetName=NetC3_2 Pin=R4-1
Added Net: Name=NetC3_2
Added Pin To Net: NetName=NetC4_1 Pin=C4-1
Added Pin To Net: NetName=NetC4_1 Pin=C9-1
Added Pin To Net: NetName=NetC4_1 Pin=R8-1
Added Pin To Net: NetName=NetC4_1 Pin=U1-7
Added Net: Name=NetC4_1
Added Pin To Net: NetName=NetC4_2 Pin=C4-2
Added Pin To Net: NetName=NetC4_2 Pin=C6-1
Added Pin To Net: NetName=NetC4_2 Pin=R6-2
Added Net: Name=NetC4_2
Added Pin To Net: NetName=NetC5_1 Pin=C5-1
Added Pin To Net: NetName=NetC5_1 Pin=OUt1-1
Added Pin To Net: NetName=NetC5_1 Pin=out test1-1
Added Pin To Net: NetName=NetC5_1 Pin=R10-2
Added Pin To Net: NetName=NetC5_1 Pin=U1-1
Added Net: Name=NetC5_1
Added Pin To Net: NetName=NetC5_2 Pin=C5-2
Added Pin To Net: NetName=NetC5_2 Pin=R10-1
Added Pin To Net: NetName=NetC5_2 Pin=U1-2
Added Net: Name=NetC5_2
Added Pin To Net: NetName=NetC6_2 Pin=C6-2
Added Pin To Net: NetName=NetC6_2 Pin=R9-1
Added Net: Name=NetC6_2
Added Pin To Net: NetName=NetC7_1 Pin=C7-1
Added Pin To Net: NetName=NetC7_1 Pin=C12-1
Added Pin To Net: NetName=NetC7_1 Pin=R11-2
Added Pin To Net: NetName=NetC7_1 Pin=R15-2
Added Net: Name=NetC7_1
Added Pin To Net: NetName=NetC7_2 Pin=C7-2
Added Pin To Net: NetName=NetC7_2 Pin=R6-1
Added Pin To Net: NetName=NetC7_2 Pin=R11-1
Added Net: Name=NetC7_2
Added Pin To Net: NetName=NetC8_1 Pin=C8-1
Added Pin To Net: NetName=NetC8_1 Pin=R12-1
Added Net: Name=NetC8_1
Added Pin To Net: NetName=NetC8_2 Pin=C8-2
Added Pin To Net: NetName=NetC8_2 Pin=C14-1
Added Net: Name=NetC8_2
Added Pin To Net: NetName=NetC9_2 Pin=C9-2
Added Pin To Net: NetName=NetC9_2 Pin=R5-2
Added Pin To Net: NetName=NetC9_2 Pin=R8-2
Added Pin To Net: NetName=NetC9_2 Pin=U1-6
Added Net: Name=NetC9_2
Added Pin To Net: NetName=NetC10_1 Pin=C10-1
Added Pin To Net: NetName=NetC10_1 Pin=C11-2
Added Pin To Net: NetName=NetC10_1 Pin=R18-2
Added Net: Name=NetC10_1
Added Pin To Net: NetName=NetC12_2 Pin=C12-2
Added Pin To Net: NetName=NetC12_2 Pin=R11-3
Added Pin To Net: NetName=NetC12_2 Pin=R19-2
Added Net: Name=NetC12_2
Added Pin To Net: NetName=NetC13_1 Pin=C13-1
Added Pin To Net: NetName=NetC13_1 Pin=R9-3
Added Net: Name=NetC13_1
Added Pin To Net: NetName=NetC13_2 Pin=C13-2
Added Pin To Net: NetName=NetC13_2 Pin=R17-2
Added Net: Name=NetC13_2
Added Pin To Net: NetName=NetC15_1 Pin=C15-1
Added Pin To Net: NetName=NetC15_1 Pin=R13-1
Added Net: Name=NetC15_1
Added Pin To Net: NetName=NetC15_2 Pin=C15-2
Added Pin To Net: NetName=NetC15_2 Pin=C16-2
Added Pin To Net: NetName=NetC15_2 Pin=C17-2
Added Pin To Net: NetName=NetC15_2 Pin=R2-1
Added Pin To Net: NetName=NetC15_2 Pin=U1-3
Added Net: Name=NetC15_2
Added Pin To Net: NetName=NetC16_1 Pin=C16-1
Added Pin To Net: NetName=NetC16_1 Pin=R14-1
Added Net: Name=NetC16_1
Added Pin To Net: NetName=NetC17_1 Pin=C17-1
Added Pin To Net: NetName=NetC17_1 Pin=R15-1
Added Net: Name=NetC17_1
Added Pin To Net: NetName=NetR3_1 Pin=R3-1
Added Pin To Net: NetName=NetR3_1 Pin=R4-2
Added Pin To Net: NetName=NetR3_1 Pin=U1-5
Added Net: Name=NetR3_1
Added Pin To Net: NetName=NetR9_2 Pin=R9-2
Added Pin To Net: NetName=NetR9_2 Pin=R13-2
Added Net: Name=NetR9_2
Added Pin To Net: NetName=NetR12_2 Pin=R12-2
Added Pin To Net: NetName=NetR12_2 Pin=R14-2
Added Net: Name=NetR12_2
Added Pin To Net: NetName=NetR12_3 Pin=R12-3
Added Pin To Net: NetName=NetR12_3 Pin=R16-2
Added Net: Name=NetR12_3
Added Class: Name=高低音调节原理图
Added Room: Name=高低音调节原理图
