Change Component Designator: Old Designator=C2 New Designator=C6
Change Component Designator: Old Designator=C3 New Designator=C5
Change Component Designator: Old Designator=C? New Designator=C1
Change Component Designator: Old Designator=C? New Designator=C2
Change Component Designator: Old Designator=C? New Designator=C3
Change Component Designator: Old Designator=C? New Designator=C4
Change Component Designator: Old Designator=D1 New Designator=D2
Change Component Designator: Old Designator=D2 New Designator=D1
Change Component Designator: Old Designator=J2 New Designator=J5
Change Component Designator: Old Designator=J3 New Designator=J4
Change Component Designator: Old Designator=J4 New Designator=J2
Change Component Designator: Old Designator=J6 New Designator=J1
Change Component Designator: Old Designator=J? New Designator=J3
Change Component Designator: Old Designator=LCD? New Designator=LCD1
Change Component Designator: Old Designator=Pin New Designator=Pin1
Change Component Designator: Old Designator=Pout New Designator=Pout1
Change Component Designator: Old Designator=PR? New Designator=PR1
Change Component Designator: Old Designator=R6 New Designator=R4
Change Component Designator: Old Designator=R8 New Designator=R1
Change Component Designator: Old Designator=R9 New Designator=R2
Change Component Designator: Old Designator=R? New Designator=R3
Change Component Designator: Old Designator=R£¿ New Designator=R£¿1
Change Component Designator: Old Designator=S6 New Designator=S7
Change Component Designator: Old Designator=S? New Designator=S1
Change Component Designator: Old Designator=S? New Designator=S2
Change Component Designator: Old Designator=S? New Designator=S3
Change Component Designator: Old Designator=S? New Designator=S4
Change Component Designator: Old Designator=S? New Designator=S5
Change Component Designator: Old Designator=S? New Designator=S6
Change Component Designator: Old Designator=X? New Designator=X1
