Added Component: Designator=+18(2P-200)
Added Component: Designator=+24(2P-200)
Added Component: Designator=-18(2P-200)
Added Component: Designator=-24(2P-200)
Added Component: Designator=7818(TO-220)
Added Component: Designator=7918(TO-220)
Added Component: Designator=BR1(D3)
Added Component: Designator=C1(C18)
Added Component: Designator=C2(CAO2)
Added Component: Designator=C3(CAP2)
Added Component: Designator=C4(CAP2)
Added Component: Designator=C6(CAP2)
Added Component: Designator=C7(C18)
Added Component: Designator=C8(CAP2)
Added Component: Designator=C9(CAO2)
Added Component: Designator=GND1(2P-200)
Added Component: Designator=GND2(2P-200)
Added Pin To Net: NetName=+18 Pin=+18-1
Added Pin To Net: NetName=+18 Pin=+18-2
Added Pin To Net: NetName=+18 Pin=7818-3
Added Pin To Net: NetName=+18 Pin=C2-1
Added Pin To Net: NetName=+18 Pin=C4-1
Added Net: Name=+18
Added Pin To Net: NetName=+24 Pin=7818-1
Added Pin To Net: NetName=+24 Pin=BR1-4
Added Pin To Net: NetName=+24 Pin=C1-1
Added Pin To Net: NetName=+24 Pin=C3-1
Added Net: Name=+24
Added Pin To Net: NetName=-18 Pin=-18-1
Added Pin To Net: NetName=-18 Pin=-18-2
Added Pin To Net: NetName=-18 Pin=7918-3
Added Pin To Net: NetName=-18 Pin=C6-2
Added Pin To Net: NetName=-18 Pin=C9-2
Added Net: Name=-18
Added Pin To Net: NetName=-24 Pin=7918-2
Added Pin To Net: NetName=-24 Pin=BR1-3
Added Pin To Net: NetName=-24 Pin=C7-2
Added Pin To Net: NetName=-24 Pin=C8-2
Added Net: Name=-24
Added Pin To Net: NetName=GND Pin=7818-2
Added Pin To Net: NetName=GND Pin=7918-1
Added Pin To Net: NetName=GND Pin=C1-2
Added Pin To Net: NetName=GND Pin=C2-2
Added Pin To Net: NetName=GND Pin=C3-2
Added Pin To Net: NetName=GND Pin=C4-2
Added Pin To Net: NetName=GND Pin=C6-1
Added Pin To Net: NetName=GND Pin=C7-1
Added Pin To Net: NetName=GND Pin=C8-1
Added Pin To Net: NetName=GND Pin=C9-1
Added Pin To Net: NetName=GND Pin=GND1-1
Added Pin To Net: NetName=GND Pin=GND1-2
Added Pin To Net: NetName=GND Pin=GND2-1
Added Pin To Net: NetName=GND Pin=GND2-2
Added Net: Name=GND
Added Pin To Net: NetName=Net+24_1 Pin=+24-1
Added Pin To Net: NetName=Net+24_1 Pin=+24-2
Added Pin To Net: NetName=Net+24_1 Pin=BR1-1
Added Net: Name=Net+24_1
Added Pin To Net: NetName=Net-24_1 Pin=-24-1
Added Pin To Net: NetName=Net-24_1 Pin=-24-2
Added Pin To Net: NetName=Net-24_1 Pin=BR1-2
Added Net: Name=Net-24_1
Added Class: Name=电源2.0
Added Room: Name=电源2.0
