Removed Pin From Net: NetName=NetC7_2 Pin=J1-1
Removed Pin From Net: NetName=NetC7_2 Pin=J1-2
Removed Pin From Net: NetName=NetC7_2 Pin=J2-1
Removed Pin From Net: NetName=NetC1_1 Pin=J5-1
Removed Pin From Net: NetName=NetC1_1 Pin=J5-2
Removed Pin From Net: NetName=+20V Pin=JA-1
Removed Pin From Net: NetName=GND Pin=JA-2
Removed Pin From Net: NetName=GND Pin=JA-3
Removed Pin From Net: NetName=-20V Pin=JB-1
Removed Pin From Net: NetName=GND Pin=JB-2
Removed Pin From Net: NetName=GND Pin=JB-3
Removed Pin From Net: NetName=GND Pin=JC-1
Removed Pin From Net: NetName=GND Pin=JC-2
Removed Pin From Net: NetName=GND Pin=P2-1
Removed Pin From Net: NetName=-20V Pin=P3-1
Removed Pin From Net: NetName=+20V Pin=P4-1
Removed Pin From Net: NetName=GND Pin=P5-1
Removed Pin From Net: NetName=NetC1_1 Pin=P9-2
Removed Pin From Net: NetName=NetC3_1 Pin=U2-1
Removed Pin From Net: NetName=NetC15_2 Pin=U2-2
Removed Pin From Net: NetName=NetR1_2 Pin=U2-3
Removed Pin From Net: NetName=NetC2_2 Pin=U2-4
Removed Pin From Net: NetName=NetC4_2 Pin=U2-5
Removed Pin From Net: NetName=NetC7_1 Pin=U2-6
Removed Pin From Net: NetName=NetC7_2 Pin=U2-7
Removed Pin From Net: NetName=+20V Pin=U2-8
Removed Member From Class: ClassName=Sheet2 Member=J1
Removed Member From Class: ClassName=Sheet2 Member=J2
Removed Member From Class: ClassName=Sheet2 Member=J5
Removed Member From Class: ClassName=Sheet2 Member=JA
Removed Member From Class: ClassName=Sheet2 Member=JB
Removed Member From Class: ClassName=Sheet2 Member=JC
Removed Member From Class: ClassName=Sheet2 Member=P2
Removed Member From Class: ClassName=Sheet2 Member=P3
Removed Member From Class: ClassName=Sheet2 Member=P4
Removed Member From Class: ClassName=Sheet2 Member=P5
Removed Member From Class: ClassName=Sheet2 Member=P9
Change Component Designator: OldDesignator=POHENJACK STEREO SW1 NewDesignator=SW OUT
Change Component Designator: OldDesignator=POHENJACK STEREO SW4 NewDesignator=SW IN
Added Component: Designator=+20V(sip-2)
Added Component: Designator=-20V(sip-2)
Added Component: Designator=GND(sip-2)
Added Component: Designator=IN(sip-4)
Added Component: Designator=JC1(KF7620-2P)
Added Component: Designator=JC2(KF7620-2P)
Added Component: Designator=OUT(sip-4)
Added Pin To Net: NetName=+20V Pin=+20V-1
Added Pin To Net: NetName=+20V Pin=+20V-2
Added Pin To Net: NetName=-20V Pin=-20V-1
Added Pin To Net: NetName=-20V Pin=-20V-2
Added Pin To Net: NetName=GND Pin=GND-1
Added Pin To Net: NetName=GND Pin=GND-2
Added Pin To Net: NetName=NetC1_1 Pin=IN-1
Added Pin To Net: NetName=NetC1_1 Pin=IN-2
Added Pin To Net: NetName=NetC1_1 Pin=IN-3
Added Pin To Net: NetName=NetC1_1 Pin=IN-4
Added Pin To Net: NetName=-20V Pin=JC1-1
Added Pin To Net: NetName=GND Pin=JC1-2
Added Pin To Net: NetName=+20V Pin=JC2-1
Added Pin To Net: NetName=GND Pin=JC2-2
Added Pin To Net: NetName=NetC7_2 Pin=OUT-1
Added Pin To Net: NetName=NetC7_2 Pin=OUT-2
Added Pin To Net: NetName=NetC7_2 Pin=OUT-3
Added Pin To Net: NetName=NetC7_2 Pin=OUT-4
Added Pin To Net: NetName=NetC1_1 Pin=SW IN-1
Added Pin To Net: NetName=NetC1_1 Pin=SW IN-4
Added Pin To Net: NetName=NetC7_2 Pin=SW OUT-1
Added Pin To Net: NetName=NetC7_2 Pin=SW OUT-4
Added Pin To Net: NetName=NetC7_2 Pin=U2-1
Added Pin To Net: NetName=NetC7_1 Pin=U2-2
Added Pin To Net: NetName=NetC4_2 Pin=U2-3
Added Pin To Net: NetName=NetR1_2 Pin=U2-5
Added Pin To Net: NetName=NetC15_2 Pin=U2-6
Added Pin To Net: NetName=NetC3_1 Pin=U2-7
Change Class Name : Old Net Name=Sheet2 New Net Name=PowerAmplifier_Front
Added Member To Class: ClassName=PowerAmplifier_Front Member=Component +20V CON2
Added Member To Class: ClassName=PowerAmplifier_Front Member=Component -20V CON2
Added Member To Class: ClassName=PowerAmplifier_Front Member=Component GND CON2
Added Member To Class: ClassName=PowerAmplifier_Front Member=Component IN CON4
Added Member To Class: ClassName=PowerAmplifier_Front Member=Component JC1 KF7620-2P
Added Member To Class: ClassName=PowerAmplifier_Front Member=Component JC2 KF7620-2P
Added Member To Class: ClassName=PowerAmplifier_Front Member=Component OUT CON4
Added Room: Name=PowerAmplifier_Front
