Change Component DesignItemId : Designator=R1 Old DesignItemId=RES New DesignItemId=电阻
Change Component DesignItemId : Designator=R3 Old DesignItemId=RES New DesignItemId=电阻
Change Component DesignItemId : Designator=R4 Old DesignItemId=RES New DesignItemId=电阻
Change Component DesignItemId : Designator=R5 Old DesignItemId=RES New DesignItemId=电阻
Change Component DesignItemId : Designator=R6 Old DesignItemId=RES New DesignItemId=电阻
Change Component DesignItemId : Designator=R7 Old DesignItemId=RES New DesignItemId=电阻
Change Component DesignItemId : Designator=R8 Old DesignItemId=RES New DesignItemId=电阻
Change Component DesignItemId : Designator=R9 Old DesignItemId=RES New DesignItemId=电阻
Change Component Footprint: Designator=R1 Old Footprint=AXIAL0.5 New Footprint=AXIL0.5
Change Component Footprint: Designator=R3 Old Footprint=AXIAL0.5 New Footprint=AXIL0.5
Change Component Footprint: Designator=R4 Old Footprint=AXIAL0.5 New Footprint=AXIL0.5
Change Component Footprint: Designator=R5 Old Footprint=AXIAL0.5 New Footprint=AXIL0.5
Change Component Footprint: Designator=R6 Old Footprint=AXIAL0.5 New Footprint=AXIL0.5
Change Component Footprint: Designator=R7 Old Footprint=AXIAL0.5 New Footprint=AXIL0.5
Change Component Footprint: Designator=R8 Old Footprint=AXIAL0.5 New Footprint=AXIL0.5
Change Component Footprint: Designator=R9 Old Footprint=AXIAL0.5 New Footprint=AXIL0.5
Change Component Footprint: Designator=R19 Old Footprint=AXIL0.4 New Footprint=AXIL0.5
Added Member To Class: ClassName=PowerAmplifier_Front Member=Component R5 1k
Added Member To Class: ClassName=PowerAmplifier_Front Member=Component R11 10k
Added Room: Name=PowerAmplifier_Front
